0 info it worked if it ends with ok
1 verbose cli [ '/usr/local/Cellar/node/6.6.0/bin/node',
1 verbose cli   '/usr/local/bin/npm',
1 verbose cli   'run',
1 verbose cli   'lint' ]
2 info using npm@3.10.7
3 info using node@v6.6.0
4 verbose run-script [ 'prelint', 'lint', 'postlint' ]
5 info lifecycle ai-battle-engine@1.0.0~prelint: ai-battle-engine@1.0.0
6 silly lifecycle ai-battle-engine@1.0.0~prelint: no script for prelint, continuing
7 info lifecycle ai-battle-engine@1.0.0~lint: ai-battle-engine@1.0.0
8 verbose lifecycle ai-battle-engine@1.0.0~lint: unsafe-perm in lifecycle true
9 verbose lifecycle ai-battle-engine@1.0.0~lint: PATH: /usr/local/lib/node_modules/npm/bin/node-gyp-bin:/Users/dominikgar/code/hacktoberfest/ai-battle-engine/node_modules/.bin:/usr/local/Cellar/node/6.6.0/bin:/usr/local/heroku/bin:/Users/dominikgar/.hatch/bin:/usr/local/bin:/usr/local/sbin:/usr/bin:/bin:/usr/sbin:/sbin:/Users/dominikgar/.composer/vendor/bin:/Users/dominikgar/bin:/opt/X11/bin:/opt/nuodb/bin:/usr/local/Cellar/android-sdk/24.4.1_1/tools:/usr/local/Cellar/android-sdk/24.4.1_1/platform-tools
10 verbose lifecycle ai-battle-engine@1.0.0~lint: CWD: /Users/dominikgar/code/hacktoberfest/ai-battle-engine
11 silly lifecycle ai-battle-engine@1.0.0~lint: Args: [ '-c', 'eslint index.js lib/game_classes/ --fix' ]
12 silly lifecycle ai-battle-engine@1.0.0~lint: Returned: code: 1  signal: null
13 info lifecycle ai-battle-engine@1.0.0~lint: Failed to exec lint script
14 verbose stack Error: ai-battle-engine@1.0.0 lint: `eslint index.js lib/game_classes/ --fix`
14 verbose stack Exit status 1
14 verbose stack     at EventEmitter.<anonymous> (/usr/local/lib/node_modules/npm/lib/utils/lifecycle.js:255:16)
14 verbose stack     at emitTwo (events.js:106:13)
14 verbose stack     at EventEmitter.emit (events.js:191:7)
14 verbose stack     at ChildProcess.<anonymous> (/usr/local/lib/node_modules/npm/lib/utils/spawn.js:40:14)
14 verbose stack     at emitTwo (events.js:106:13)
14 verbose stack     at ChildProcess.emit (events.js:191:7)
14 verbose stack     at maybeClose (internal/child_process.js:877:16)
14 verbose stack     at Process.ChildProcess._handle.onexit (internal/child_process.js:226:5)
15 verbose pkgid ai-battle-engine@1.0.0
16 verbose cwd /Users/dominikgar/code/hacktoberfest/ai-battle-engine
17 error Darwin 16.0.0
18 error argv "/usr/local/Cellar/node/6.6.0/bin/node" "/usr/local/bin/npm" "run" "lint"
19 error node v6.6.0
20 error npm  v3.10.7
21 error code ELIFECYCLE
22 error ai-battle-engine@1.0.0 lint: `eslint index.js lib/game_classes/ --fix`
22 error Exit status 1
23 error Failed at the ai-battle-engine@1.0.0 lint script 'eslint index.js lib/game_classes/ --fix'.
23 error Make sure you have the latest version of node.js and npm installed.
23 error If you do, this is most likely a problem with the ai-battle-engine package,
23 error not with npm itself.
23 error Tell the author that this fails on your system:
23 error     eslint index.js lib/game_classes/ --fix
23 error You can get information on how to open an issue for this project with:
23 error     npm bugs ai-battle-engine
23 error Or if that isn't available, you can get their info via:
23 error     npm owner ls ai-battle-engine
23 error There is likely additional logging output above.
24 verbose exit [ 1, true ]
